<?xml version="1.0" encoding="UTF-8"?>
<coverage generated="1723610439767" clover="3.2.0">
  <project timestamp="1723610439767" name="All files">
    <metrics statements="13" coveredstatements="13" conditionals="5" coveredconditionals="5" methods="1" coveredmethods="1" elements="19" coveredelements="19" complexity="0" loc="13" ncloc="13" packages="1" files="1" classes="1"/>
    <file name="forecast.js" path="/Users/michelkim/www/print-forecast/src/forecast.js">
      <metrics statements="13" coveredstatements="13" conditionals="5" coveredconditionals="5" methods="1" coveredmethods="1"/>
      <line num="1" count="1" type="cond" truecount="1" falsecount="0"/>
      <line num="2" count="4" type="cond" truecount="2" falsecount="0"/>
      <line num="3" count="1" type="stmt"/>
      <line num="4" count="1" type="cond" truecount="1" falsecount="0"/>
      <line num="5" count="3" type="stmt"/>
      <line num="6" count="3" type="stmt"/>
      <line num="7" count="3" type="stmt"/>
      <line num="8" count="3" type="cond" truecount="1" falsecount="0"/>
      <line num="9" count="11" type="stmt"/>
      <line num="10" count="3" type="stmt"/>
      <line num="11" count="3" type="stmt"/>
      <line num="12" count="3" type="stmt"/>
      <line num="13" count="3" type="stmt"/>
    </file>
  </project>
</coverage>
