{"/Users/michelkim/www/print-forecast/src/forecast.js": {"path":"/Users/michelkim/www/print-forecast/src/forecast.js","all":false,"statementMap":{"0":{"start":{"line":1,"column":0},"end":{"line":1,"column":39}},"1":{"start":{"line":2,"column":0},"end":{"line":2,"column":75}},"2":{"start":{"line":3,"column":0},"end":{"line":3,"column":44}},"3":{"start":{"line":4,"column":0},"end":{"line":4,"column":3}},"4":{"start":{"line":5,"column":0},"end":{"line":5,"column":0}},"5":{"start":{"line":6,"column":0},"end":{"line":6,"column":22}},"6":{"start":{"line":7,"column":0},"end":{"line":7,"column":0}},"7":{"start":{"line":8,"column":0},"end":{"line":8,"column":29}},"8":{"start":{"line":9,"column":0},"end":{"line":9,"column":53}},"9":{"start":{"line":10,"column":0},"end":{"line":10,"column":5}},"10":{"start":{"line":11,"column":0},"end":{"line":11,"column":0}},"11":{"start":{"line":12,"column":0},"end":{"line":12,"column":35}},"12":{"start":{"line":13,"column":0},"end":{"line":13,"column":2}}},"s":{"0":1,"1":4,"2":1,"3":1,"4":3,"5":3,"6":3,"7":3,"8":11,"9":3,"10":3,"11":3,"12":3},"branchMap":{"0":{"type":"branch","line":1,"loc":{"start":{"line":1,"column":30},"end":{"line":13,"column":2}},"locations":[{"start":{"line":1,"column":30},"end":{"line":13,"column":2}}]},"1":{"type":"branch","line":2,"loc":{"start":{"line":2,"column":74},"end":{"line":4,"column":3}},"locations":[{"start":{"line":2,"column":74},"end":{"line":4,"column":3}}]},"2":{"type":"branch","line":4,"loc":{"start":{"line":4,"column":2},"end":{"line":13,"column":2}},"locations":[{"start":{"line":4,"column":2},"end":{"line":13,"column":2}}]},"3":{"type":"branch","line":2,"loc":{"start":{"line":2,"column":41},"end":{"line":2,"column":71}},"locations":[{"start":{"line":2,"column":41},"end":{"line":2,"column":71}}]},"4":{"type":"branch","line":8,"loc":{"start":{"line":8,"column":10},"end":{"line":10,"column":3}},"locations":[{"start":{"line":8,"column":10},"end":{"line":10,"column":3}}]}},"b":{"0":[4],"1":[1],"2":[3],"3":[12],"4":[11]},"fnMap":{"0":{"name":"printForecast","decl":{"start":{"line":1,"column":30},"end":{"line":13,"column":2}},"loc":{"start":{"line":1,"column":30},"end":{"line":13,"column":2}},"line":1}},"f":{"0":4}}
}
